This is pdfTeX, Version 3.14159265-2.6-1.40.21 (TeX Live 2020/W32TeX) (preloaded format=pdflatex 2020.10.29)  26 NOV 2020 03:11
entering extended mode
 restricted \write18 enabled.
 file:line:error style messages enabled.
 %&-line parsing enabled.
**"c:/Users/Benjamin/Desktop/fac/Méthodologie/L2/Analyse-des-performances-des-tris/Rapport latex/Rapport NIDDAM_Benjamin.tex"
(c:/Users/Benjamin/Desktop/fac/Méthodologie/L2/Analyse-des-performances-des-tris/Rapport latex/Rapport NIDDAM_Benjamin.tex
LaTeX2e <2020-10-01> patch level 2
L3 programming layer <2020-10-27> xparse <2020-03-03> (c:/texlive/2020/texmf-dist/tex/latex/base/article.cls
Document Class: article 2020/04/10 v1.4m Standard LaTeX document class
(c:/texlive/2020/texmf-dist/tex/latex/base/size11.clo
File: size11.clo 2020/04/10 v1.4m Standard LaTeX file (size option)
)
\c@part=\count175
\c@section=\count176
\c@subsection=\count177
\c@subsubsection=\count178
\c@paragraph=\count179
\c@subparagraph=\count180
\c@figure=\count181
\c@table=\count182
\abovecaptionskip=\skip47
\belowcaptionskip=\skip48
\bibindent=\dimen138
) (c:/texlive/2020/texmf-dist/tex/latex/base/inputenc.sty
Package: inputenc 2020/08/01 v1.3d Input encoding file
\inpenc@prehook=\toks15
\inpenc@posthook=\toks16
) (c:/texlive/2020/texmf-dist/tex/latex/base/fontenc.sty
Package: fontenc 2020/08/10 v2.0s Standard LaTeX package
) (c:/texlive/2020/texmf-dist/tex/generic/babel/babel.sty
Package: babel 2020/10/27 3.51 The Babel package
 (c:/texlive/2020/texmf-dist/tex/generic/babel/babel.def
File: babel.def 2020/10/27 3.51 Babel common definitions
\babel@savecnt=\count183
\U@D=\dimen139
\l@babelnohyphens=\language86
 (c:/texlive/2020/texmf-dist/tex/generic/babel/txtbabel.def)
\bbl@readstream=\read2
)
\bbl@dirlevel=\count184
 (c:/texlive/2020/texmf-dist/tex/generic/babel-french/french.ldf
Language: french 2020/10/10 v3.5l French support from the babel system
Package babel Info: \l@acadian = using hyphenrules for french
(babel)             (\language28) on input line 91.
Package babel Info: \l@canadien = using hyphenrules for french
(babel)             (\language28) on input line 92.
\FB@nonchar=\count185
Package babel Info: Making : an active character on input line 430.
Package babel Info: Making ; an active character on input line 431.
Package babel Info: Making ! an active character on input line 432.
Package babel Info: Making ? an active character on input line 433.
\FBguill@level=\count186
\FBold@everypar=\toks17
\FB@Mht=\dimen140
\mc@charclass=\count187
\mc@charfam=\count188
\mc@charslot=\count189
\std@mcc=\count190
\dec@mcc=\count191
\listindentFB=\dimen141
\descindentFB=\dimen142
\labelindentFB=\dimen143
\labelwidthFB=\dimen144
\leftmarginFB=\dimen145
\parindentFFN=\dimen146
\FBfnindent=\dimen147
)) (c:/texlive/2020/texmf-dist/tex/latex/carlisle/scalefnt.sty) (c:/texlive/2020/texmf-dist/tex/latex/graphics/keyval.sty
Package: keyval 2014/10/28 v1.15 key=value parser (DPC)
\KV@toks@=\toks18
) (c:/texlive/2020/texmf-dist/tex/latex/graphics/graphicx.sty
Package: graphicx 2020/09/09 v1.2b Enhanced LaTeX Graphics (DPC,SPQR)
 (c:/texlive/2020/texmf-dist/tex/latex/graphics/graphics.sty
Package: graphics 2020/08/30 v1.4c Standard LaTeX Graphics (DPC,SPQR)
 (c:/texlive/2020/texmf-dist/tex/latex/graphics/trig.sty
Package: trig 2016/01/03 v1.10 sin cos tan (DPC)
) (c:/texlive/2020/texmf-dist/tex/latex/graphics-cfg/graphics.cfg
File: graphics.cfg 2016/06/04 v1.11 sample graphics configuration
)
Package graphics Info: Driver file: pdftex.def on input line 105.
 (c:/texlive/2020/texmf-dist/tex/latex/graphics-def/pdftex.def
File: pdftex.def 2020/10/05 v1.2a Graphics/color driver for pdftex
))
\Gin@req@height=\dimen148
\Gin@req@width=\dimen149
) (c:/texlive/2020/texmf-dist/tex/latex/amsmath/amsmath.sty
Package: amsmath 2020/09/23 v2.17i AMS math features
\@mathmargin=\skip49

For additional information on amsmath, use the `?' option.
(c:/texlive/2020/texmf-dist/tex/latex/amsmath/amstext.sty
Package: amstext 2000/06/29 v2.01 AMS text
 (c:/texlive/2020/texmf-dist/tex/latex/amsmath/amsgen.sty
File: amsgen.sty 1999/11/30 v2.0 generic functions
\@emptytoks=\toks19
\ex@=\dimen150
)) (c:/texlive/2020/texmf-dist/tex/latex/amsmath/amsbsy.sty
Package: amsbsy 1999/11/29 v1.2d Bold Symbols
\pmbraise@=\dimen151
) (c:/texlive/2020/texmf-dist/tex/latex/amsmath/amsopn.sty
Package: amsopn 2016/03/08 v2.02 operator names
)
\inf@bad=\count192
LaTeX Info: Redefining \frac on input line 234.
\uproot@=\count193
\leftroot@=\count194
LaTeX Info: Redefining \overline on input line 399.
\classnum@=\count195
\DOTSCASE@=\count196
LaTeX Info: Redefining \ldots on input line 496.
LaTeX Info: Redefining \dots on input line 499.
LaTeX Info: Redefining \cdots on input line 620.
\Mathstrutbox@=\box47
\strutbox@=\box48
\big@size=\dimen152
LaTeX Font Info:    Redeclaring font encoding OML on input line 743.
LaTeX Font Info:    Redeclaring font encoding OMS on input line 744.
\macc@depth=\count197
\c@MaxMatrixCols=\count198
\dotsspace@=\muskip16
\c@parentequation=\count199
\dspbrk@lvl=\count266
\tag@help=\toks20
\row@=\count267
\column@=\count268
\maxfields@=\count269
\andhelp@=\toks21
\eqnshift@=\dimen153
\alignsep@=\dimen154
\tagshift@=\dimen155
\tagwidth@=\dimen156
\totwidth@=\dimen157
\lineht@=\dimen158
\@envbody=\toks22
\multlinegap=\skip50
\multlinetaggap=\skip51
\mathdisplay@stack=\toks23
LaTeX Info: Redefining \[ on input line 2923.
LaTeX Info: Redefining \] on input line 2924.
) (c:/texlive/2020/texmf-dist/tex/latex/amsfonts/amssymb.sty
Package: amssymb 2013/01/14 v3.01 AMS font symbols
 (c:/texlive/2020/texmf-dist/tex/latex/amsfonts/amsfonts.sty
Package: amsfonts 2013/01/14 v3.01 Basic AMSFonts support
\symAMSa=\mathgroup4
\symAMSb=\mathgroup5
LaTeX Font Info:    Redeclaring math symbol \hbar on input line 98.
LaTeX Font Info:    Overwriting math alphabet `\mathfrak' in version `bold'
(Font)                  U/euf/m/n --> U/euf/b/n on input line 106.
)) (c:/texlive/2020/texmf-dist/tex/latex/l3backend/l3backend-pdftex.def
File: l3backend-pdftex.def 2020-09-24 L3 backend support: PDF output (pdfTeX)
\l__kernel_color_stack_int=\count270
\l__pdf_internal_box=\box49
) (c:/Users/Benjamin/Desktop/fac/Méthodologie/L2/Analyse-des-performances-des-tris/Rapport latex/Rapport NIDDAM_Benjamin.aux)
\openout1 = `"Rapport NIDDAM_Benjamin.aux"'.

LaTeX Font Info:    Checking defaults for OML/cmm/m/it on input line 14.
LaTeX Font Info:    ... okay on input line 14.
LaTeX Font Info:    Checking defaults for OMS/cmsy/m/n on input line 14.
LaTeX Font Info:    ... okay on input line 14.
LaTeX Font Info:    Checking defaults for OT1/cmr/m/n on input line 14.
LaTeX Font Info:    ... okay on input line 14.
LaTeX Font Info:    Checking defaults for T1/cmr/m/n on input line 14.
LaTeX Font Info:    ... okay on input line 14.
LaTeX Font Info:    Checking defaults for TS1/cmr/m/n on input line 14.
LaTeX Font Info:    ... okay on input line 14.
LaTeX Font Info:    Checking defaults for OMX/cmex/m/n on input line 14.
LaTeX Font Info:    ... okay on input line 14.
LaTeX Font Info:    Checking defaults for U/cmr/m/n on input line 14.
LaTeX Font Info:    ... okay on input line 14.
LaTeX Info: Redefining \degres on input line 14.
LaTeX Info: Redefining \dots on input line 14.
LaTeX Info: Redefining \up on input line 14.
 (c:/texlive/2020/texmf-dist/tex/context/base/mkii/supp-pdf.mkii
[Loading MPS to PDF converter (version 2006.09.02).]
\scratchcounter=\count271
\scratchdimen=\dimen159
\scratchbox=\box50
\nofMPsegments=\count272
\nofMParguments=\count273
\everyMPshowfont=\toks24
\MPscratchCnt=\count274
\MPscratchDim=\dimen160
\MPnumerator=\count275
\makeMPintoPDFobject=\count276
\everyMPtoPDFconversion=\toks25
) (c:/texlive/2020/texmf-dist/tex/latex/epstopdf-pkg/epstopdf-base.sty
Package: epstopdf-base 2020-01-24 v2.11 Base part for package epstopdf
Package epstopdf-base Info: Redefining graphics rule for `.eps' on input line 485.
 (c:/texlive/2020/texmf-dist/tex/latex/latexconfig/epstopdf-sys.cfg
File: epstopdf-sys.cfg 2010/07/13 v1.3 Configuration of (r)epstopdf for TeX Live
))
LaTeX Font Info:    Trying to load font information for U+msa on input line 15.
 (c:/texlive/2020/texmf-dist/tex/latex/amsfonts/umsa.fd
File: umsa.fd 2013/01/14 v3.01 AMS symbols A
)
LaTeX Font Info:    Trying to load font information for U+msb on input line 15.
 (c:/texlive/2020/texmf-dist/tex/latex/amsfonts/umsb.fd
File: umsb.fd 2013/01/14 v3.01 AMS symbols B
)
<Images/Tony Hoare.jpg, id=1, 220.6644pt x 308.352pt>
File: Images/Tony Hoare.jpg Graphic file (type jpg)
<use Images/Tony Hoare.jpg>
Package pdftex.def Info: Images/Tony Hoare.jpg  used on input line 17.
(pdftex.def)             Requested size: 220.66385pt x 308.35124pt.
 [1

{c:/texlive/2020/texmf-var/fonts/map/pdftex/updmap/pdftex.map} <c:/Users/Benjamin/Desktop/fac/Méthodologie/L2/Analyse-des-performances-des-tris/Rapport latex/Images/Tony Hoare.jpg>] (c:/Users/Benjamin/Desktop/fac/Méthodologie/L2/Analyse-des-performances-des-tris/Rapport latex/Rapport NIDDAM_Benjamin.toc)
\tf@toc=\write3
\openout3 = `"Rapport NIDDAM_Benjamin.toc"'.

 [2]
Underfull \hbox (badness 10000) in paragraph at lines 31--36

 []

[3] [4]
<Images/O(n).jpg, id=26, 701.5008pt x 203.8014pt>
File: Images/O(n).jpg Graphic file (type jpg)
<use Images/O(n).jpg>
Package pdftex.def Info: Images/O(n).jpg  used on input line 137.
(pdftex.def)             Requested size: 350.74954pt x 101.90044pt.

Overfull \hbox (24.11243pt too wide) in paragraph at lines 137--139
[][]
 []


Overfull \hbox (84.43486pt too wide) in paragraph at lines 137--139
[]$ 
 []

[5 <c:/Users/Benjamin/Desktop/fac/Méthodologie/L2/Analyse-des-performances-des-tris/Rapport latex/Images/O(n).jpg>] [6] [7] [8] [9]
<Images/Courbes img/aléatoire avec rep/aléatoires avec répétitions.png, id=44, 578.16pt x 361.35pt>
File: Images/Courbes img/aléatoire avec rep/aléatoires avec répétitions.png Graphic file (type png)
<use Images/Courbes img/aléatoire avec rep/aléatoires avec répétitions.png>
Package pdftex.def Info: Images/Courbes img/aléatoire avec rep/aléatoires avec répétitions.png  used on input line 252.
(pdftex.def)             Requested size: 289.07928pt x 180.67456pt.

Overfull \hbox (37.8893pt too wide) in paragraph at lines 252--254
[]$ 
 []

<Images/Courbes img/trié sans rep/ordonnées sans répétitions.png, id=46, 578.16pt x 361.35pt>
File: Images/Courbes img/trié sans rep/ordonnées sans répétitions.png Graphic file (type png)
<use Images/Courbes img/trié sans rep/ordonnées sans répétitions.png>
Package pdftex.def Info: Images/Courbes img/trié sans rep/ordonnées sans répétitions.png  used on input line 256.
(pdftex.def)             Requested size: 289.07928pt x 180.67456pt.

Overfull \hbox (40.122pt too wide) in paragraph at lines 256--258
[]$ 
 []

<Images/Courbes img/trié avec rep/ordonnées avec répétitions.png, id=47, 578.16pt x 361.35pt>
File: Images/Courbes img/trié avec rep/ordonnées avec répétitions.png Graphic file (type png)
<use Images/Courbes img/trié avec rep/ordonnées avec répétitions.png>
Package pdftex.def Info: Images/Courbes img/trié avec rep/ordonnées avec répétitions.png  used on input line 260.
(pdftex.def)             Requested size: 289.07928pt x 180.67456pt.

Overfull \hbox (40.30331pt too wide) in paragraph at lines 260--262
[]$ 
 []

[10 <c:/Users/Benjamin/Desktop/fac/Méthodologie/L2/Analyse-des-performances-des-tris/Rapport latex/Images/Courbes img/aléatoire avec rep/aléatoires avec répétitions.png> <c:/Users/Benjamin/Desktop/fac/Méthodologie/L2/Analyse-des-performances-des-tris/Rapport latex/Images/Courbes img/trié sans rep/ordonnées sans répétitions.png>]
<Images/Courbes img/inversé sans rep/inversées sans répétitions.png, id=53, 578.16pt x 361.35pt>
File: Images/Courbes img/inversé sans rep/inversées sans répétitions.png Graphic file (type png)
<use Images/Courbes img/inversé sans rep/inversées sans répétitions.png>
Package pdftex.def Info: Images/Courbes img/inversé sans rep/inversées sans répétitions.png  used on input line 264.
(pdftex.def)             Requested size: 289.07928pt x 180.67456pt.

Overfull \hbox (34.44005pt too wide) in paragraph at lines 264--266
[]$ 
 []

<Images/Courbes img/inversé avec rep/inversées avec répétitions.png, id=54, 578.16pt x 361.35pt>
File: Images/Courbes img/inversé avec rep/inversées avec répétitions.png Graphic file (type png)
<use Images/Courbes img/inversé avec rep/inversées avec répétitions.png>
Package pdftex.def Info: Images/Courbes img/inversé avec rep/inversées avec répétitions.png  used on input line 268.
(pdftex.def)             Requested size: 289.07928pt x 180.67456pt.

Overfull \hbox (34.62137pt too wide) in paragraph at lines 268--270
[]$ 
 []

[11 <c:/Users/Benjamin/Desktop/fac/Méthodologie/L2/Analyse-des-performances-des-tris/Rapport latex/Images/Courbes img/trié avec rep/ordonnées avec répétitions.png> <c:/Users/Benjamin/Desktop/fac/Méthodologie/L2/Analyse-des-performances-des-tris/Rapport latex/Images/Courbes img/inversé sans rep/inversées sans répétitions.png>]
Underfull \hbox (badness 10000) in paragraph at lines 273--278

 []

<Images/Courbes img/individuels/tri fusion.png, id=60, 578.16pt x 361.35pt>
File: Images/Courbes img/individuels/tri fusion.png Graphic file (type png)
<use Images/Courbes img/individuels/tri fusion.png>
Package pdftex.def Info: Images/Courbes img/individuels/tri fusion.png  used on input line 279.
(pdftex.def)             Requested size: 289.07928pt x 180.67456pt.

Overfull \hbox (43.82054pt too wide) in paragraph at lines 279--281
[]$ 
 []

[12 <c:/Users/Benjamin/Desktop/fac/Méthodologie/L2/Analyse-des-performances-des-tris/Rapport latex/Images/Courbes img/inversé avec rep/inversées avec répétitions.png> <c:/Users/Benjamin/Desktop/fac/Méthodologie/L2/Analyse-des-performances-des-tris/Rapport latex/Images/Courbes img/individuels/tri fusion.png>]
<Images/Courbes img/individuels/tri rapide.png, id=66, 578.16pt x 361.35pt>
File: Images/Courbes img/individuels/tri rapide.png Graphic file (type png)
<use Images/Courbes img/individuels/tri rapide.png>
Package pdftex.def Info: Images/Courbes img/individuels/tri rapide.png  used on input line 282.
(pdftex.def)             Requested size: 289.07928pt x 180.67456pt.

Overfull \hbox (40.97581pt too wide) in paragraph at lines 282--284
[]$ 
 []

<Images/Courbes img/individuels/tri par tas.png, id=67, 578.16pt x 361.35pt>
File: Images/Courbes img/individuels/tri par tas.png Graphic file (type png)
<use Images/Courbes img/individuels/tri par tas.png>
Package pdftex.def Info: Images/Courbes img/individuels/tri par tas.png  used on input line 285.
(pdftex.def)             Requested size: 289.07928pt x 180.67456pt.

Overfull \hbox (44.6668pt too wide) in paragraph at lines 285--287
[]$ 
 []

<Images/Courbes img/individuels/tri par comptage.png, id=68, 578.16pt x 361.35pt>
File: Images/Courbes img/individuels/tri par comptage.png Graphic file (type png)
<use Images/Courbes img/individuels/tri par comptage.png>
Package pdftex.def Info: Images/Courbes img/individuels/tri par comptage.png  used on input line 288.
(pdftex.def)             Requested size: 289.07928pt x 180.67456pt.

Overfull \hbox (81.5012pt too wide) in paragraph at lines 288--290
[]$ 
 []

[13 <c:/Users/Benjamin/Desktop/fac/Méthodologie/L2/Analyse-des-performances-des-tris/Rapport latex/Images/Courbes img/individuels/tri rapide.png> <c:/Users/Benjamin/Desktop/fac/Méthodologie/L2/Analyse-des-performances-des-tris/Rapport latex/Images/Courbes img/individuels/tri par tas.png>] [14 <c:/Users/Benjamin/Desktop/fac/Méthodologie/L2/Analyse-des-performances-des-tris/Rapport latex/Images/Courbes img/individuels/tri par comptage.png>] [15] (c:/Users/Benjamin/Desktop/fac/Méthodologie/L2/Analyse-des-performances-des-tris/Rapport latex/Rapport NIDDAM_Benjamin.aux) ) 
Here is how much of TeX's memory you used:
 4139 strings out of 479497
 59229 string characters out of 5876370
 350917 words of memory out of 5000000
 21083 multiletter control sequences out of 15000+600000
 547373 words of font info for 61 fonts, out of 8000000 for 9000
 1141 hyphenation exceptions out of 8191
 66i,6n,72p,344b,424s stack positions out of 5000i,500n,10000p,200000b,80000s
{c:/texlive/2020/texmf-dist/fonts/enc/dvips/cm-super/cm-super-t1.enc}<c:/texlive/2020/texmf-dist/fonts/type1/public/amsfonts/cm/cmmi10.pfb><c:/texlive/2020/texmf-dist/fonts/type1/public/amsfonts/cm/cmr10.pfb><c:/texlive/2020/texmf-dist/fonts/type1/public/amsfonts/cm/cmr8.pfb><c:/texlive/2020/texmf-dist/fonts/type1/public/amsfonts/cm/cmsy10.pfb><c:/texlive/2020/texmf-dist/fonts/type1/public/cm-super/sfbx1095.pfb><c:/texlive/2020/texmf-dist/fonts/type1/public/cm-super/sfbx1200.pfb><c:/texlive/2020/texmf-dist/fonts/type1/public/cm-super/sfbx1440.pfb><c:/texlive/2020/texmf-dist/fonts/type1/public/cm-super/sfrm1095.pfb><c:/texlive/2020/texmf-dist/fonts/type1/public/cm-super/sfrm1200.pfb><c:/texlive/2020/texmf-dist/fonts/type1/public/cm-super/sfrm1728.pfb><c:/texlive/2020/texmf-dist/fonts/type1/public/cm-super/sfti1095.pfb>
Output written on "c:/Users/Benjamin/Desktop/fac/Méthodologie/L2/Analyse-des-performances-des-tris/Rapport latex/Rapport NIDDAM_Benjamin.pdf" (15 pages, 670890 bytes).
PDF statistics:
 119 PDF objects out of 1000 (max. 8388607)
 70 compressed objects within 1 object stream
 0 named destinations out of 1000 (max. 500000)
 56 words of extra memory for PDF output out of 10000 (max. 10000000)

